0 info it worked if it ends with ok
1 verbose cli [ 'C:\\Program Files\\nodejs\\node.exe',
1 verbose cli   'C:\\Users\\yemol\\AppData\\Roaming\\npm\\node_modules\\cnpm\\node_modules\\npm\\bin\\npm-cli.js',
1 verbose cli   '--userconfig=C:\\Users\\yemol\\.cnpmrc',
1 verbose cli   '--disturl=https://npm.taobao.org/mirrors/node',
1 verbose cli   '--registry=https://registry.npm.taobao.org',
1 verbose cli   'run',
1 verbose cli   'start' ]
2 info using npm@3.10.10
3 info using node@v4.4.4
4 verbose run-script [ 'prestart', 'start', 'poststart' ]
5 info lifecycle pop_analysis@0.0.1~prestart: pop_analysis@0.0.1
6 silly lifecycle pop_analysis@0.0.1~prestart: no script for prestart, continuing
7 info lifecycle pop_analysis@0.0.1~start: pop_analysis@0.0.1
8 verbose lifecycle pop_analysis@0.0.1~start: unsafe-perm in lifecycle true
9 verbose lifecycle pop_analysis@0.0.1~start: PATH: C:\Users\yemol\AppData\Roaming\npm\node_modules\cnpm\node_modules\npm\bin\node-gyp-bin;D:\coding\pop_analysis\node_modules\.bin;C:\Program Files (x86)\Common Files\Intel\Shared Libraries\redist\intel64\compiler;C:\ProgramData\Oracle\Java\javapath;C:\Windows\system32;C:\Windows;C:\Windows\System32\Wbem;C:\Windows\System32\WindowsPowerShell\v1.0\;C:\Program Files (x86)\NVIDIA Corporation\PhysX\Common;C:\Program Files\nodejs\;C:\Program Files\Git\cmd;C:\Program Files\PuTTY\;C:\Users\yemol\AppData\Local\atom\bin;C:\Users\yemol\AppData\Roaming\npm;C:\Users\yemol\AppData\Local\Programs\Fiddler
10 verbose lifecycle pop_analysis@0.0.1~start: CWD: D:\coding\pop_analysis
11 silly lifecycle pop_analysis@0.0.1~start: Args: [ '/d /s /c', 'babel-node src/index.js' ]
12 silly lifecycle pop_analysis@0.0.1~start: Returned: code: 1  signal: null
13 info lifecycle pop_analysis@0.0.1~start: Failed to exec start script
14 verbose stack Error: pop_analysis@0.0.1 start: `babel-node src/index.js`
14 verbose stack Exit status 1
14 verbose stack     at EventEmitter.<anonymous> (C:\Users\yemol\AppData\Roaming\npm\node_modules\cnpm\node_modules\npm\lib\utils\lifecycle.js:255:16)
14 verbose stack     at emitTwo (events.js:87:13)
14 verbose stack     at EventEmitter.emit (events.js:172:7)
14 verbose stack     at ChildProcess.<anonymous> (C:\Users\yemol\AppData\Roaming\npm\node_modules\cnpm\node_modules\npm\lib\utils\spawn.js:40:14)
14 verbose stack     at emitTwo (events.js:87:13)
14 verbose stack     at ChildProcess.emit (events.js:172:7)
14 verbose stack     at maybeClose (internal/child_process.js:827:16)
14 verbose stack     at Process.ChildProcess._handle.onexit (internal/child_process.js:211:5)
15 verbose pkgid pop_analysis@0.0.1
16 verbose cwd D:\coding\pop_analysis
17 error Windows_NT 6.1.7601
18 error argv "C:\\Program Files\\nodejs\\node.exe" "C:\\Users\\yemol\\AppData\\Roaming\\npm\\node_modules\\cnpm\\node_modules\\npm\\bin\\npm-cli.js" "--userconfig=C:\\Users\\yemol\\.cnpmrc" "--disturl=https://npm.taobao.org/mirrors/node" "--registry=https://registry.npm.taobao.org" "run" "start"
19 error node v4.4.4
20 error npm  v3.10.10
21 error code ELIFECYCLE
22 error pop_analysis@0.0.1 start: `babel-node src/index.js`
22 error Exit status 1
23 error Failed at the pop_analysis@0.0.1 start script 'babel-node src/index.js'.
23 error Make sure you have the latest version of node.js and npm installed.
23 error If you do, this is most likely a problem with the pop_analysis package,
23 error not with npm itself.
23 error Tell the author that this fails on your system:
23 error     babel-node src/index.js
23 error You can get information on how to open an issue for this project with:
23 error     npm bugs pop_analysis
23 error Or if that isn't available, you can get their info via:
23 error     npm owner ls pop_analysis
23 error There is likely additional logging output above.
24 verbose exit [ 1, true ]
